
Showing logs for build [32mcb-kubecd-environment-pr-177-49-4lhr8-1[0m stage [32mfrom-build-pack[0m and container [32mstep-credential-initializer-bbtrw[0m
{"level":"warn","ts":1583636385.8839946,"logger":"fallback-logger","caller":"logging/config.go:69","msg":"Fetch GitHub commit ID from kodata failed: \"ref: refs/heads/0.8.0-**-support-backwards-incompats\" is not a valid GitHub commit ID"}
{"level":"info","ts":1583636385.884758,"logger":"fallback-logger","caller":"creds-init/main.go:40","msg":"Credentials initialized."}

Showing logs for build [32mcb-kubecd-environment-pr-177-49-4lhr8-1[0m stage [32mfrom-build-pack[0m and container [32mstep-working-dir-initializer-6vqkh[0m
{"level":"warn","ts":1583636387.024476,"logger":"fallback-logger","caller":"logging/config.go:69","msg":"Fetch GitHub commit ID from kodata failed: open /var/run/ko/HEAD: no such file or directory"}
{"level":"info","ts":1583636387.0261612,"logger":"fallback-logger","caller":"bash/main.go:64","msg":"Successfully executed command \"sh -c mkdir -p /workspace/source\"; output "}

Showing logs for build [32mcb-kubecd-environment-pr-177-49-4lhr8-1[0m stage [32mfrom-build-pack[0m and container [32mstep-place-tools[0m

Showing logs for build [32mcb-kubecd-environment-pr-177-49-4lhr8-1[0m stage [32mfrom-build-pack[0m and container [32mstep-git-source-cb-kubecd-environment-pr-177-49-4lhr8-664rk[0m
{"level":"warn","ts":1583636392.1126254,"logger":"fallback-logger","caller":"logging/config.go:69","msg":"Fetch GitHub commit ID from kodata failed: \"ref: refs/heads/0.8.0-**-support-backwards-incompats\" is not a valid GitHub commit ID"}
{"level":"info","ts":1583636393.1556413,"logger":"fallback-logger","caller":"git/git.go:103","msg":"Successfully cloned https://github.com/cb-kubecd/environment-pr-177-49-boot-gke-staging.git @ master in path /workspace/source"}

Showing logs for build [32mcb-kubecd-environment-pr-177-49-4lhr8-1[0m stage [32mfrom-build-pack[0m and container [32mstep-git-merge[0m
Using SHAs from PULL_REFS=master:e834186ed9090c3aa387173a353c7ba48d674c62,3:40b97e1d236392c662957f0b96c7ee8a2a0fec32
DEBUG: LC_ALL=C JX_LOG_LEVEL=error git fetch origin --unshallow 40b97e1d236392c662957f0b96c7ee8a2a0fec32: e834186ed9090c3aa387173a353c7ba48d674c62:
DEBUG: ran git fetch --unshallow origin 40b97e1d236392c662957f0b96c7ee8a2a0fec32: e834186ed9090c3aa387173a353c7ba48d674c62: in 
DEBUG: LC_ALL=C JX_LOG_LEVEL=error git branch
DEBUG: LC_ALL=C JX_LOG_LEVEL=error git checkout master
DEBUG: ran git checkout master in 
DEBUG: LC_ALL=C JX_LOG_LEVEL=error git reset --hard e834186ed9090c3aa387173a353c7ba48d674c62
DEBUG: ran git reset --hard e834186ed9090c3aa387173a353c7ba48d674c62 in 
DEBUG: JX_LOG_LEVEL=error LC_ALL=C git clean -fd .
DEBUG: ran clean --force -d . in 
DEBUG: LC_ALL=C JX_LOG_LEVEL=error git merge 40b97e1d236392c662957f0b96c7ee8a2a0fec32
DEBUG: ran git merge 40b97e1d236392c662957f0b96c7ee8a2a0fec32 in 
DEBUG: LC_ALL=C JX_LOG_LEVEL=error git log --format=%H%x1f%an%x1f%ae%x1f%cn%x1f%ce%x1f%s%n%b%x1e e834186ed9090c3aa387173a353c7ba48d674c62..HEAD
Merged SHA 40b97e1d236392c662957f0b96c7ee8a2a0fec32 with commit message 'chore: Promote bdd-gh-1583635349 to version 0.0.1' into base branch master

Showing logs for build [32mcb-kubecd-environment-pr-177-49-4lhr8-1[0m stage [32mfrom-build-pack[0m and container [32mstep-build-helm-build[0m
WARNING: No $CHART_REPOSITORY defined so using the default value of: http://jenkins-x-chartmuseum:8080
Adding missing Helm repo: storage.googleapis.com https://storage.googleapis.com/chartmuseum.jenkins-x.io
WARNING: No secrets found on "helm/repos" due: reading the secret "helm/repos" from vault: no secret "helm/repos" not found in vault
Read credentials for https://storage.googleapis.com/chartmuseum.jenkins-x.io from vault helm/repos
Successfully added Helm repository storage.googleapis.com.
Adding missing Helm repo: jenkins-x-chartmuseum http://jenkins-x-chartmuseum:8080
WARNING: No secrets found on "helm/repos" due: reading the secret "helm/repos" from vault: no secret "helm/repos" not found in vault
Read credentials for http://jenkins-x-chartmuseum:8080 from vault helm/repos
Successfully added Helm repository jenkins-x-chartmuseum.
WARNING: No $CHART_REPOSITORY defined so using the default value of: http://jenkins-x-chartmuseum:8080
Adding missing Helm repo: chartmuseum.jenkins-x.io http://chartmuseum.jenkins-x.io
WARNING: No secrets found on "helm/repos" due: reading the secret "helm/repos" from vault: no secret "helm/repos" not found in vault
Read credentials for http://chartmuseum.jenkins-x.io from vault helm/repos
Successfully added Helm repository chartmuseum.jenkins-x.io.
